#
# There is insufficient memory for the Java Runtime Environment to continue.
# Native memory allocation (malloc) failed to allocate 1436816 bytes for Chunk::new
# Possible reasons:
#   The system is out of physical RAM or swap space
#   In 32 bit mode, the process size limit was hit
# Possible solutions:
#   Reduce memory load on the system
#   Increase physical memory or swap space
#   Check if swap backing store is full
#   Use 64 bit Java on a 64 bit OS
#   Decrease Java heap size (-Xmx/-Xms)
#   Decrease number of Java threads
#   Decrease Java thread stack sizes (-Xss)
#   Set larger code cache with -XX:ReservedCodeCacheSize=
# This output file may be truncated or incomplete.
#
#  Out of Memory Error (allocation.cpp:390), pid=18128, tid=0x0000000000001230
#
# JRE version: OpenJDK Runtime Environment (8.0_152-b06) (build 1.8.0_152-release-1136-b06)
# Java VM: OpenJDK 64-Bit Server VM (25.152-b06 mixed mode windows-amd64 compressed oops)
# Failed to write core dump. Minidumps are not enabled by default on client versions of Windows
#

---------------  T H R E A D  ---------------

Current thread (0x0000000016989000):  JavaThread "C2 CompilerThread0" daemon [_thread_in_native, id=4656, stack(0x0000000018280000,0x0000000018380000)]

Stack: [0x0000000018280000,0x0000000018380000]
[error occurred during error reporting (printing stack bounds), id 0xc0000005]

Native frames: (J=compiled Java code, j=interpreted, Vv=VM code, C=native code)


Current CompileTask:
C2:13243059 28999       4       com.android.ide.common.resources.DataSet::appendToXml (386 bytes)


---------------  P R O C E S S  ---------------

Java Threads: ( => current thread )
  0x000000001d0e2000 JavaThread "stdout" [_thread_in_native, id=4684, stack(0x0000000049ba0000,0x0000000049ca0000)]
  0x000000001d0e5000 JavaThread "stderr" [_thread_in_native, id=7444, stack(0x0000000049aa0000,0x0000000049ba0000)]
  0x000000001d0e4800 JavaThread "pool-51-thread-1" [_thread_blocked, id=19228, stack(0x00000000499a0000,0x0000000049aa0000)]
  0x000000001d0da000 JavaThread "ForkJoinPool.commonPool-worker-2" daemon [_thread_blocked, id=14220, stack(0x00000000498a0000,0x00000000499a0000)]
  0x000000001d0dd000 JavaThread "Task worker for ':' Thread 3" [_thread_blocked, id=18956, stack(0x00000000497a0000,0x00000000498a0000)]
  0x000000001d0dc000 JavaThread "Task worker for ':' Thread 2" [_thread_blocked, id=5928, stack(0x00000000496a0000,0x00000000497a0000)]
  0x000000001d0d9000 JavaThread "Task worker for ':'" [_thread_blocked, id=20028, stack(0x00000000495a0000,0x00000000496a0000)]
  0x000000001d0e0000 JavaThread "Cache worker for Build Output Cleanup Cache (D:\workspace\ningjiaxin4\zxqy\.gradle\buildOutputCleanup)" [_thread_blocked, id=18568, stack(0x00000000494a0000,0x00000000495a0000)]
  0x000000001d0df000 JavaThread "Cache worker for task history cache (D:\workspace\ningjiaxin4\zxqy\.gradle\4.6\taskHistory)" [_thread_blocked, id=8044, stack(0x00000000493a0000,0x00000000494a0000)]
  0x000000001d440000 JavaThread "Cache worker for file content cache (D:\workspace\ningjiaxin4\zxqy\.gradle\4.6\fileContent)" [_thread_blocked, id=21844, stack(0x00000000492a0000,0x00000000493a0000)]
  0x000000001d43f000 JavaThread "Build operations Thread 4" [_thread_in_native, id=1756, stack(0x00000000491a0000,0x00000000492a0000)]
  0x000000001d43e800 JavaThread "Build operations Thread 3" [_thread_in_native, id=19864, stack(0x00000000490a0000,0x00000000491a0000)]
  0x000000001d43d000 JavaThread "Build operations Thread 2" [_thread_in_native, id=18232, stack(0x0000000048fa0000,0x00000000490a0000)]
  0x000000001d43d800 JavaThread "Build operations" [_thread_in_native, id=9320, stack(0x0000000048ea0000,0x0000000048fa0000)]
  0x000000001d43c000 JavaThread "Cache worker for Artifact transforms cache (C:\Users\DELL\.gradle\caches\transforms-1)" [_thread_blocked, id=7296, stack(0x0000000048da0000,0x0000000048ea0000)]
  0x000000001d439000 JavaThread "Cache worker for file hash cache (D:\workspace\ningjiaxin4\zxqy\.gradle\4.6\fileHashes)" [_thread_blocked, id=13856, stack(0x0000000048ca0000,0x0000000048da0000)]
  0x000000001d43b800 JavaThread "Stdin handler" [_thread_blocked, id=11188, stack(0x0000000048ba0000,0x0000000048ca0000)]
  0x000000001d435800 JavaThread "Asynchronous log dispatcher for DefaultDaemonConnection: socket connection from /127.0.0.1:7497 to /127.0.0.1:6264" [_thread_blocked, id=10928, stack(0x0000000048aa0000,0x0000000048ba0000)]
  0x000000001d438800 JavaThread "Daemon worker Thread 19" [_thread_blocked, id=20172, stack(0x00000000489a0000,0x0000000048aa0000)]
  0x000000001d437800 JavaThread "Cancel handler" [_thread_blocked, id=17152, stack(0x00000000488a0000,0x00000000489a0000)]
  0x000000001d436000 JavaThread "Handler for socket connection from /127.0.0.1:7497 to /127.0.0.1:6264" [_thread_in_native, id=21688, stack(0x00000000487a0000,0x00000000488a0000)]
  0x000000001d437000 JavaThread "Daemon Thread 19" [_thread_blocked, id=21684, stack(0x00000000486a0000,0x00000000487a0000)]
  0x000000001d0de800 JavaThread "MarlinRenderer Disposer" daemon [_thread_blocked, id=20700, stack(0x00000000464a0000,0x00000000465a0000)]
  0x000000001d0da800 JavaThread "Java2D Disposer" daemon [_thread_blocked, id=20844, stack(0x00000000463a0000,0x00000000464a0000)]
  0x000000001d43a800 JavaThread "pool-1-thread-1" [_thread_blocked, id=2444, stack(0x0000000026ca0000,0x0000000026da0000)]
  0x000000001b669800 JavaThread "Memory manager" [_thread_blocked, id=20260, stack(0x0000000020a10000,0x0000000020b10000)]
  0x000000001997b800 JavaThread "File lock request listener" [_thread_in_native, id=9424, stack(0x000000001cea0000,0x000000001cfa0000)]
  0x000000001baec000 JavaThread "Cache worker for file hash cache (C:\Users\DELL\.gradle\caches\4.6\fileHashes)" [_thread_blocked, id=10840, stack(0x000000001cda0000,0x000000001cea0000)]
  0x000000001961d800 JavaThread "Daemon periodic checks" [_thread_blocked, id=20288, stack(0x000000001a300000,0x000000001a400000)]
  0x0000000019617800 JavaThread "Incoming local TCP Connector on port 7497" [_thread_in_native, id=20376, stack(0x000000001a150000,0x000000001a250000)]
  0x0000000017d18800 JavaThread "Service Thread" daemon [_thread_blocked, id=19472, stack(0x0000000018580000,0x0000000018680000)]
  0x0000000017c8e000 JavaThread "C1 CompilerThread2" daemon [_thread_blocked, id=16480, stack(0x0000000018480000,0x0000000018580000)]
  0x000000001698c800 JavaThread "C2 CompilerThread1" daemon [_thread_blocked, id=9904, stack(0x0000000018380000,0x0000000018480000)]
=>0x0000000016989000 JavaThread "C2 CompilerThread0" daemon [_thread_in_native, id=4656, stack(0x0000000018280000,0x0000000018380000)]
  0x000000001693e800 JavaThread "Attach Listener" daemon [_thread_blocked, id=19536, stack(0x0000000018180000,0x0000000018280000)]
  0x0000000017c88800 JavaThread "Signal Dispatcher" daemon [_thread_blocked, id=19024, stack(0x0000000018080000,0x0000000018180000)]
  0x0000000002fbd000 JavaThread "Finalizer" daemon [_thread_blocked, id=204, stack(0x0000000017b80000,0x0000000017c80000)]
  0x0000000002fb2800 JavaThread "Reference Handler" daemon [_thread_blocked, id=5400, stack(0x0000000017a80000,0x0000000017b80000)]
  0x0000000002b3d800 JavaThread "main" [_thread_blocked, id=20184, stack(0x0000000002990000,0x0000000002a90000)]

Other Threads:
  0x00000000168f6000 VMThread [stack: 0x0000000017980000,0x0000000017a80000] [id=20392]
  0x0000000017d22800 WatcherThread [stack: 0x0000000018680000,0x0000000018780000] [id=17532]

VM state:not at safepoint (normal execution)

VM Mutex/Monitor currently owned by a thread: None

Heap:
 PSYoungGen      total 410112K, used 185349K [0x00000000e0000000, 0x0000000100000000, 0x0000000100000000)
  eden space 296960K, 41% used [0x00000000e0000000,0x00000000e770ea28,0x00000000f2200000)
  from space 113152K, 56% used [0x00000000f9180000,0x00000000fcf72d10,0x0000000100000000)
  to   space 113664K, 0% used [0x00000000f2200000,0x00000000f2200000,0x00000000f9100000)
 ParOldGen       total 266240K, used 173058K [0x00000000a0000000, 0x00000000b0400000, 0x00000000e0000000)
  object space 266240K, 65% used [0x00000000a0000000,0x00000000aa900828,0x00000000b0400000)
 Metaspace       used 103514K, capacity 110342K, committed 110424K, reserved 1144832K
  class space    used 12718K, capacity 14162K, committed 14208K, reserved 1048576K

Card table byte_map: [0x0000000012380000,0x0000000012690000] byte_map_base: 0x0000000011e80000

Marking Bits: (ParMarkBitMap*) 0x00000000609d5aa0
 Begin Bits: [0x0000000012c90000, 0x0000000014490000)
 End Bits:   [0x0000000014490000, 0x0000000015c90000)

Polling page: 0x0000000001080000

CodeCache: size=245760Kb used=79928Kb max_used=80228Kb free=165831Kb
 bounds [0x0000000002fc0000, 0x0000000007ed0000, 0x0000000011fc0000]
 total_blobs=22136 nmethods=21121 adapters=926
 compilation: enabled

Compilation events (10 events):
Event: 13239.894 Thread 0x0000000016989000 28997       4       com.android.ide.common.resources.configuration.FolderConfiguration::getVersionQualifier (11 bytes)
Event: 13239.895 Thread 0x0000000016989000 nmethod 28997 0x0000000007c0c210 code [0x0000000007c0c360, 0x0000000007c0c418]
Event: 13239.900 Thread 0x0000000017c8e000 28998       3       com.google.common.collect.StandardTable$Row::get (23 bytes)
Event: 13239.900 Thread 0x0000000017c8e000 nmethod 28998 0x0000000007ad5dd0 code [0x0000000007ad5f80, 0x0000000007ad6468]
Event: 13240.197 Thread 0x0000000016989000 28999       4       com.android.ide.common.resources.DataSet::appendToXml (386 bytes)
Event: 13240.250 Thread 0x0000000017c8e000 29000       3       com.sun.org.apache.xerces.internal.dom.DeferredDocumentImpl::getChunkValue (19 bytes)
Event: 13240.254 Thread 0x0000000017c8e000 nmethod 29000 0x0000000007ad57d0 code [0x0000000007ad5940, 0x0000000007ad5c30]
Event: 13240.283 Thread 0x000000001698c800 nmethod 28996 0x0000000007ebc350 code [0x0000000007ebc800, 0x0000000007ec1258]
Event: 13240.805 Thread 0x0000000017c8e000 29001       1       com.android.builder.core.AndroidBuilder::getTargetInfo (5 bytes)
Event: 13240.806 Thread 0x0000000017c8e000 nmethod 29001 0x0000000004597c50 code [0x0000000004597da0, 0x0000000004597eb0]

GC Heap History (10 events):
Event: 12709.251 GC heap before
{Heap before GC invocations=57 (full 5):
 PSYoungGen      total 385536K, used 274368K [0x00000000e0000000, 0x0000000100000000, 0x0000000100000000)
  eden space 257536K, 100% used [0x00000000e0000000,0x00000000efb80000,0x00000000efb80000)
  from space 128000K, 13% used [0x00000000efb80000,0x00000000f0bf03d0,0x00000000f7880000)
  to   space 124928K, 0% used [0x00000000f8600000,0x00000000f8600000,0x0000000100000000)
 ParOldGen       total 266240K, used 158436K [0x00000000a0000000, 0x00000000b0400000, 0x00000000e0000000)
  object space 266240K, 59% used [0x00000000a0000000,0x00000000a9ab90e8,0x00000000b0400000)
 Metaspace       used 100197K, capacity 106930K, committed 107096K, reserved 1142784K
  class space    used 12412K, capacity 13848K, committed 13952K, reserved 1048576K
Event: 12709.346 GC heap after
Heap after GC invocations=57 (full 5):
 PSYoungGen      total 387072K, used 10825K [0x00000000e0000000, 0x00000000ff700000, 0x0000000100000000)
  eden space 271360K, 0% used [0x00000000e0000000,0x00000000e0000000,0x00000000f0900000)
  from space 115712K, 9% used [0x00000000f8600000,0x00000000f90924b0,0x00000000ff700000)
  to   space 121856K, 0% used [0x00000000f0900000,0x00000000f0900000,0x00000000f8000000)
 ParOldGen       total 266240K, used 168952K [0x00000000a0000000, 0x00000000b0400000, 0x00000000e0000000)
  object space 266240K, 63% used [0x00000000a0000000,0x00000000aa4fe330,0x00000000b0400000)
 Metaspace       used 100197K, capacity 106930K, committed 107096K, reserved 1142784K
  class space    used 12412K, capacity 13848K, committed 13952K, reserved 1048576K
}
Event: 12875.118 GC heap before
{Heap before GC invocations=58 (full 5):
 PSYoungGen      total 387072K, used 282185K [0x00000000e0000000, 0x00000000ff700000, 0x0000000100000000)
  eden space 271360K, 100% used [0x00000000e0000000,0x00000000f0900000,0x00000000f0900000)
  from space 115712K, 9% used [0x00000000f8600000,0x00000000f90924b0,0x00000000ff700000)
  to   space 121856K, 0% used [0x00000000f0900000,0x00000000f0900000,0x00000000f8000000)
 ParOldGen       total 266240K, used 168998K [0x00000000a0000000, 0x00000000b0400000, 0x00000000e0000000)
  object space 266240K, 63% used [0x00000000a0000000,0x00000000aa509980,0x00000000b0400000)
 Metaspace       used 102491K, capacity 109170K, committed 109272K, reserved 1144832K
  class space    used 12637K, capacity 14052K, committed 14080K, reserved 1048576K
Event: 12875.256 GC heap after
Heap after GC invocations=58 (full 5):
 PSYoungGen      total 393216K, used 46511K [0x00000000e0000000, 0x00000000ffb00000, 0x0000000100000000)
  eden space 271360K, 0% used [0x00000000e0000000,0x00000000e0000000,0x00000000f0900000)
  from space 121856K, 38% used [0x00000000f0900000,0x00000000f366beb0,0x00000000f8000000)
  to   space 116224K, 0% used [0x00000000f8980000,0x00000000f8980000,0x00000000ffb00000)
 ParOldGen       total 266240K, used 172976K [0x00000000a0000000, 0x00000000b0400000, 0x00000000e0000000)
  object space 266240K, 64% used [0x00000000a0000000,0x00000000aa8ec060,0x00000000b0400000)
 Metaspace       used 102491K, capacity 109170K, committed 109272K, reserved 1144832K
  class space    used 12637K, capacity 14052K, committed 14080K, reserved 1048576K
}
Event: 12885.679 GC heap before
{Heap before GC invocations=59 (full 5):
 PSYoungGen      total 393216K, used 317871K [0x00000000e0000000, 0x00000000ffb00000, 0x0000000100000000)
  eden space 271360K, 100% used [0x00000000e0000000,0x00000000f0900000,0x00000000f0900000)
  from space 121856K, 38% used [0x00000000f0900000,0x00000000f366beb0,0x00000000f8000000)
  to   space 116224K, 0% used [0x00000000f8980000,0x00000000f8980000,0x00000000ffb00000)
 ParOldGen       total 266240K, used 173042K [0x00000000a0000000, 0x00000000b0400000, 0x00000000e0000000)
  object space 266240K, 64% used [0x00000000a0000000,0x00000000aa8fc828,0x00000000b0400000)
 Metaspace       used 103400K, capacity 110130K, committed 110424K, reserved 1144832K
  class space    used 12716K, capacity 14160K, committed 14208K, reserved 1048576K
Event: 12885.728 GC heap after
Heap after GC invocations=59 (full 5):
 PSYoungGen      total 392704K, used 47123K [0x00000000e0000000, 0x00000000ff180000, 0x0000000100000000)
  eden space 286208K, 0% used [0x00000000e0000000,0x00000000e0000000,0x00000000f1780000)
  from space 106496K, 44% used [0x00000000f8980000,0x00000000fb784d88,0x00000000ff180000)
  to   space 111616K, 0% used [0x00000000f1780000,0x00000000f1780000,0x00000000f8480000)
 ParOldGen       total 266240K, used 173050K [0x00000000a0000000, 0x00000000b0400000, 0x00000000e0000000)
  object space 266240K, 64% used [0x00000000a0000000,0x00000000aa8fe828,0x00000000b0400000)
 Metaspace       used 103400K, capacity 110130K, committed 110424K, reserved 1144832K
  class space    used 12716K, capacity 14160K, committed 14208K, reserved 1048576K
}
Event: 13002.733 GC heap before
{Heap before GC invocations=60 (full 5):
 PSYoungGen      total 392704K, used 333331K [0x00000000e0000000, 0x00000000ff180000, 0x0000000100000000)
  eden space 286208K, 100% used [0x00000000e0000000,0x00000000f1780000,0x00000000f1780000)
  from space 106496K, 44% used [0x00000000f8980000,0x00000000fb784d88,0x00000000ff180000)
  to   space 111616K, 0% used [0x00000000f1780000,0x00000000f1780000,0x00000000f8480000)
 ParOldGen       total 266240K, used 173050K [0x00000000a0000000, 0x00000000b0400000, 0x00000000e0000000)
  object space 266240K, 64% used [0x00000000a0000000,0x00000000aa8fe828,0x00000000b0400000)
 Metaspace       used 103453K, capacity 110270K, committed 110424K, reserved 1144832K
  class space    used 12718K, capacity 14162K, committed 14208K, reserved 1048576K
Event: 13003.202 GC heap after
Heap after GC invocations=60 (full 5):
 PSYoungGen      total 397824K, used 64917K [0x00000000e0000000, 0x0000000100000000, 0x0000000100000000)
  eden space 286208K, 0% used [0x00000000e0000000,0x00000000e0000000,0x00000000f1780000)
  from space 111616K, 58% used [0x00000000f1780000,0x00000000f56e5608,0x00000000f8480000)
  to   space 113152K, 0% used [0x00000000f9180000,0x00000000f9180000,0x0000000100000000)
 ParOldGen       total 266240K, used 173058K [0x00000000a0000000, 0x00000000b0400000, 0x00000000e0000000)
  object space 266240K, 65% used [0x00000000a0000000,0x00000000aa900828,0x00000000b0400000)
 Metaspace       used 103453K, capacity 110270K, committed 110424K, reserved 1144832K
  class space    used 12718K, capacity 14162K, committed 14208K, reserved 1048576K
}
Event: 13234.581 GC heap before
{Heap before GC invocations=61 (full 5):
 PSYoungGen      total 397824K, used 351125K [0x00000000e0000000, 0x0000000100000000, 0x0000000100000000)
  eden space 286208K, 100% used [0x00000000e0000000,0x00000000f1780000,0x00000000f1780000)
  from space 111616K, 58% used [0x00000000f1780000,0x00000000f56e5608,0x00000000f8480000)
  to   space 113152K, 0% used [0x00000000f9180000,0x00000000f9180000,0x0000000100000000)
 ParOldGen       total 266240K, used 173058K [0x00000000a0000000, 0x00000000b0400000, 0x00000000e0000000)
  object space 266240K, 65% used [0x00000000a0000000,0x00000000aa900828,0x00000000b0400000)
 Metaspace       used 103488K, capacity 110334K, committed 110424K, reserved 1144832K
  class space    used 12718K, capacity 14162K, committed 14208K, reserved 1048576K
Event: 13235.911 GC heap after
Heap after GC invocations=61 (full 5):
 PSYoungGen      total 410112K, used 63435K [0x00000000e0000000, 0x0000000100000000, 0x0000000100000000)
  eden space 296960K, 0% used [0x00000000e0000000,0x00000000e0000000,0x00000000f2200000)
  from space 113152K, 56% used [0x00000000f9180000,0x00000000fcf72d10,0x0000000100000000)
  to   space 113664K, 0% used [0x00000000f2200000,0x00000000f2200000,0x00000000f9100000)
 ParOldGen       total 266240K, used 173058K [0x00000000a0000000, 0x00000000b0400000, 0x00000000e0000000)
  object space 266240K, 65% used [0x00000000a0000000,0x00000000aa900828,0x00000000b0400000)
 Metaspace       used 103488K, capacity 110334K, committed 110424K, reserved 1144832K
  class space    used 12718K, capacity 14162K, committed 14208K, reserved 1048576K
}

Deoptimization events (10 events):
Event: 12880.602 Thread 0x000000001d43e800 Uncommon trap: reason=class_check action=maybe_recompile pc=0x0000000007c4cfa0 method=com.sun.org.apache.xerces.internal.dom.ParentNode.internalRemoveChild(Lorg/w3c/dom/Node;Z)Lorg/w3c/dom/Node; @ 42
Event: 12883.077 Thread 0x000000001dda4800 Uncommon trap: reason=bimorphic action=maybe_recompile pc=0x0000000006d90eb8 method=com.google.gson.stream.JsonWriter.string(Ljava/lang/String;)V @ 23
Event: 12883.077 Thread 0x000000001dda4800 Uncommon trap: reason=bimorphic action=maybe_recompile pc=0x00000000051d8310 method=com.google.gson.stream.JsonWriter.close(IILjava/lang/String;)Lcom/google/gson/stream/JsonWriter; @ 90
Event: 12885.728 Thread 0x000000001d0de800 Uncommon trap: reason=unstable_if action=reinterpret pc=0x0000000005a57160 method=java.util.Vector.removeElementAt(I)V @ 75
Event: 13001.773 Thread 0x000000001d0e4800 Uncommon trap: reason=unstable_if action=reinterpret pc=0x0000000005dc8ba0 method=java.util.concurrent.locks.AbstractQueuedSynchronizer.transferForSignal(Ljava/util/concurrent/locks/AbstractQueuedSynchronizer$Node;)Z @ 33
Event: 13004.944 Thread 0x000000001d438800 Uncommon trap: reason=unstable_if action=reinterpret pc=0x0000000007b6fbac method=com.sun.org.apache.xerces.internal.impl.XMLEntityScanner.scanContent(Lcom/sun/org/apache/xerces/internal/xni/XMLString;)I @ 481
Event: 13008.077 Thread 0x000000001d438800 Uncommon trap: reason=unstable_if action=reinterpret pc=0x000000000428ce28 method=com.sun.org.apache.xerces.internal.dom.CharacterDataImpl.getNodeValue()Ljava/lang/String; @ 4
Event: 13008.078 Thread 0x000000001d438800 Uncommon trap: reason=unstable_if action=reinterpret pc=0x0000000007d300bc method=com.sun.org.apache.xerces.internal.dom.ElementNSImpl.getNamespaceURI()Ljava/lang/String; @ 4
Event: 13008.078 Thread 0x000000001d438800 Uncommon trap: reason=unstable_if action=reinterpret pc=0x00000000067f33e8 method=com.sun.org.apache.xerces.internal.dom.ElementNSImpl.getNamespaceURI()Ljava/lang/String; @ 4
Event: 13008.078 Thread 0x000000001d438800 Uncommon trap: reason=unstable_if action=reinterpret pc=0x0000000007d3c7b0 method=com.sun.org.apache.xerces.internal.dom.CharacterDataImpl.getNodeValue()Ljava/lang/String; @ 4

Classes redefined (0 events):
No events

Internal exceptions (10 events):
Event: 13234.239 Thread 0x000000001d438800 Exception <a 'sun/nio/fs/WindowsException'> (0x00000000f0abc9f0) thrown at [D:\src\AOSP-openjdk-cygwin\jdk8u\hotspot\src\share\vm\prims\jni.cpp, line 709]
Event: 13234.239 Thread 0x000000001d438800 Exception <a 'sun/nio/fs/WindowsException'> (0x00000000f0abd3d0) thrown at [D:\src\AOSP-openjdk-cygwin\jdk8u\hotspot\src\share\vm\prims\jni.cpp, line 709]
Event: 13234.240 Thread 0x000000001d438800 Exception <a 'sun/nio/fs/WindowsException'> (0x00000000f0abfc48) thrown at [D:\src\AOSP-openjdk-cygwin\jdk8u\hotspot\src\share\vm\prims\jni.cpp, line 709]
Event: 13234.240 Thread 0x000000001d438800 Exception <a 'sun/nio/fs/WindowsException'> (0x00000000f0ac0638) thrown at [D:\src\AOSP-openjdk-cygwin\jdk8u\hotspot\src\share\vm\prims\jni.cpp, line 709]
Event: 13234.240 Thread 0x000000001d438800 Exception <a 'sun/nio/fs/WindowsException'> (0x00000000f0ac2318) thrown at [D:\src\AOSP-openjdk-cygwin\jdk8u\hotspot\src\share\vm\prims\jni.cpp, line 709]
Event: 13234.240 Thread 0x000000001d438800 Exception <a 'sun/nio/fs/WindowsException'> (0x00000000f0ac2d28) thrown at [D:\src\AOSP-openjdk-cygwin\jdk8u\hotspot\src\share\vm\prims\jni.cpp, line 709]
Event: 13234.241 Thread 0x000000001d438800 Exception <a 'sun/nio/fs/WindowsException'> (0x00000000f0ac5e38) thrown at [D:\src\AOSP-openjdk-cygwin\jdk8u\hotspot\src\share\vm\prims\jni.cpp, line 709]
Event: 13234.242 Thread 0x000000001d438800 Exception <a 'sun/nio/fs/WindowsException'> (0x00000000f0ac67a8) thrown at [D:\src\AOSP-openjdk-cygwin\jdk8u\hotspot\src\share\vm\prims\jni.cpp, line 709]
Event: 13234.242 Thread 0x000000001d438800 Exception <a 'sun/nio/fs/WindowsException'> (0x00000000f0ac8348) thrown at [D:\src\AOSP-openjdk-cygwin\jdk8u\hotspot\src\share\vm\prims\jni.cpp, line 709]
Event: 13234.243 Thread 0x000000001d438800 Exception <a 'sun/nio/fs/WindowsException'> (0x00000000f0ac8cd8) thrown at [D:\src\AOSP-openjdk-cygwin\jdk8u\hotspot\src\share\vm\prims\jni.cpp, line 709]

Events (10 events):
Event: 13240.227 Thread 0x000000001d0dd000 DEOPT UNPACKING pc=0x00000000030075d0 sp=0x000000004989cf60 mode 0
Event: 13240.389 Thread 0x000000001d0da000 Thread added: 0x000000001d0da000
Event: 13240.397 Thread 0x000000001d0e4800 Thread added: 0x000000001d0e4800
Event: 13240.483 Thread 0x000000001d0e5000 Thread added: 0x000000001d0e5000
Event: 13240.483 Thread 0x000000001d0e2000 Thread added: 0x000000001d0e2000
Event: 13240.795 Executing VM operation: RevokeBias
Event: 13240.799 Executing VM operation: RevokeBias done
Event: 13240.800 Executing VM operation: RevokeBias
Event: 13240.800 Executing VM operation: RevokeBias done
Event: 13240.811 Thread 0x0000000017c8e000 flushing nmethod 0x00000000030f4210


Dynamic libraries:
0x00007ff607d10000 - 0x00007ff607d41000 	D:\softwere\androidstudio\jre\bin\java.exe
0x00007ffabbd70000 - 0x00007ffabbf51000 	C:\WINDOWS\SYSTEM32\ntdll.dll
0x00007ffabb820000 - 0x00007ffabb8d2000 	C:\WINDOWS\System32\KERNEL32.DLL
0x00007ffab8b50000 - 0x00007ffab8dc3000 	C:\WINDOWS\System32\KERNELBASE.dll
0x00007ffabb450000 - 0x00007ffabb4f1000 	C:\WINDOWS\System32\ADVAPI32.dll
0x00007ffabaaf0000 - 0x00007ffabab8e000 	C:\WINDOWS\System32\msvcrt.dll
0x00007ffaba7e0000 - 0x00007ffaba83b000 	C:\WINDOWS\System32\sechost.dll
0x00007ffabab90000 - 0x00007ffabacb4000 	C:\WINDOWS\System32\RPCRT4.dll
0x00007ffabbb90000 - 0x00007ffabbd20000 	C:\WINDOWS\System32\USER32.dll
0x00007ffab8fd0000 - 0x00007ffab8ff0000 	C:\WINDOWS\System32\win32u.dll
0x00007ffabaa10000 - 0x00007ffabaa38000 	C:\WINDOWS\System32\GDI32.dll
0x00007ffab7e40000 - 0x00007ffab7fd2000 	C:\WINDOWS\System32\gdi32full.dll
0x00007ffab8ab0000 - 0x00007ffab8b4f000 	C:\WINDOWS\System32\msvcp_win.dll
0x00007ffab8e50000 - 0x00007ffab8f4a000 	C:\WINDOWS\System32\ucrtbase.dll
0x00007ffaac570000 - 0x00007ffaac7d9000 	C:\WINDOWS\WinSxS\amd64_microsoft.windows.common-controls_6595b64144ccf1df_6.0.17134.590_none_fb3d9bff3069e088\COMCTL32.dll
0x00007ffabacc0000 - 0x00007ffabafe2000 	C:\WINDOWS\System32\combase.dll
0x00007ffab8f50000 - 0x00007ffab8fca000 	C:\WINDOWS\System32\bcryptPrimitives.dll
0x00007ffaba9e0000 - 0x00007ffabaa0d000 	C:\WINDOWS\System32\IMM32.DLL
0x0000000060080000 - 0x0000000060152000 	D:\softwere\androidstudio\jre\jre\bin\msvcr100.dll
0x0000000060210000 - 0x0000000060a51000 	D:\softwere\androidstudio\jre\jre\bin\server\jvm.dll
0x00007ffab8dd0000 - 0x00007ffab8df3000 	C:\WINDOWS\System32\WINMM.dll
0x00007ffab7db0000 - 0x00007ffab7dda000 	C:\WINDOWS\System32\WINMMBASE.dll
0x00007ffab8350000 - 0x00007ffab8399000 	C:\WINDOWS\System32\cfgmgr32.dll
0x00007ffabaa40000 - 0x00007ffabaa48000 	C:\WINDOWS\System32\PSAPI.DLL
0x00007ffa9c5a0000 - 0x00007ffa9c5a9000 	C:\WINDOWS\SYSTEM32\WSOCK32.dll
0x00007ffaba970000 - 0x00007ffaba9dc000 	C:\WINDOWS\System32\WS2_32.dll
0x00007ffaacab0000 - 0x00007ffaacaba000 	C:\WINDOWS\SYSTEM32\VERSION.dll
0x00007ffab0a00000 - 0x00007ffab0a0f000 	D:\softwere\androidstudio\jre\jre\bin\verify.dll
0x00007ffab09d0000 - 0x00007ffab09f9000 	D:\softwere\androidstudio\jre\jre\bin\java.dll
0x00007ffaa9e90000 - 0x00007ffaa9ea6000 	D:\softwere\androidstudio\jre\jre\bin\zip.dll
0x00007ffab9050000 - 0x00007ffaba490000 	C:\WINDOWS\System32\SHELL32.dll
0x00007ffabb5f0000 - 0x00007ffabb699000 	C:\WINDOWS\System32\shcore.dll
0x00007ffab83a0000 - 0x00007ffab8aad000 	C:\WINDOWS\System32\windows.storage.dll
0x00007ffaba840000 - 0x00007ffaba891000 	C:\WINDOWS\System32\shlwapi.dll
0x00007ffab7de0000 - 0x00007ffab7df1000 	C:\WINDOWS\System32\kernel.appcore.dll
0x00007ffab7e00000 - 0x00007ffab7e1f000 	C:\WINDOWS\System32\profapi.dll
0x00007ffab8e00000 - 0x00007ffab8e4c000 	C:\WINDOWS\System32\powrprof.dll
0x00007ffab7da0000 - 0x00007ffab7daa000 	C:\WINDOWS\System32\FLTLIB.DLL
0x00007ffaa5670000 - 0x00007ffaa568a000 	D:\softwere\androidstudio\jre\jre\bin\net.dll
0x00007ffab75c0000 - 0x00007ffab7626000 	C:\WINDOWS\system32\mswsock.dll
0x00007ffaa54b0000 - 0x00007ffaa54c1000 	D:\softwere\androidstudio\jre\jre\bin\nio.dll
0x00007ffab4480000 - 0x00007ffab449e000 	C:\Users\DELL\.gradle\native\25\windows-amd64\native-platform.dll
0x00007ffaabd60000 - 0x00007ffaabd6d000 	D:\softwere\androidstudio\jre\jre\bin\management.dll
0x00007ffab7770000 - 0x00007ffab7787000 	C:\WINDOWS\SYSTEM32\CRYPTSP.dll
0x00007ffab71a0000 - 0x00007ffab71d3000 	C:\WINDOWS\system32\rsaenh.dll
0x00007ffab7890000 - 0x00007ffab78b5000 	C:\WINDOWS\SYSTEM32\bcrypt.dll
0x00007ffab7ca0000 - 0x00007ffab7cc8000 	C:\WINDOWS\SYSTEM32\USERENV.dll
0x00007ffab7bd0000 - 0x00007ffab7bdb000 	C:\WINDOWS\SYSTEM32\CRYPTBASE.dll
0x00007ffab7340000 - 0x00007ffab7378000 	C:\WINDOWS\SYSTEM32\IPHLPAPI.DLL
0x00007ffabba80000 - 0x00007ffabba88000 	C:\WINDOWS\System32\NSI.dll
0x00007ffaad930000 - 0x00007ffaad946000 	C:\WINDOWS\SYSTEM32\dhcpcsvc6.DLL
0x00007ffaad910000 - 0x00007ffaad92a000 	C:\WINDOWS\SYSTEM32\dhcpcsvc.DLL
0x00007ffa8bd50000 - 0x00007ffa8bd74000 	D:\softwere\androidstudio\jre\jre\bin\sunec.dll
0x00007ffab7380000 - 0x00007ffab743e000 	C:\WINDOWS\SYSTEM32\DNSAPI.dll
0x00007ffaab360000 - 0x00007ffaab36a000 	C:\Windows\System32\rasadhlp.dll
0x00007ffaac980000 - 0x00007ffaac9f2000 	C:\WINDOWS\System32\fwpuclnt.dll
0x00007ffaa5660000 - 0x00007ffaa566b000 	D:\softwere\androidstudio\jre\jre\bin\sunmscapi.dll
0x00007ffab80a0000 - 0x00007ffab8282000 	C:\WINDOWS\System32\CRYPT32.dll
0x00007ffab7e20000 - 0x00007ffab7e32000 	C:\WINDOWS\System32\MSASN1.dll
0x00007ffa8a5e0000 - 0x00007ffa8a777000 	D:\softwere\androidstudio\jre\jre\bin\awt.dll
0x00007ffaba8a0000 - 0x00007ffaba963000 	C:\WINDOWS\System32\OLEAUT32.dll
0x00007ffab5160000 - 0x00007ffab5727000 	C:\WINDOWS\SYSTEM32\d2d1.dll
0x00007ffab5e30000 - 0x00007ffab5ebb000 	C:\WINDOWS\SYSTEM32\apphelp.dll
0x00007ffab6220000 - 0x00007ffab6249000 	C:\WINDOWS\system32\DWMAPI.DLL
0x00007ffab5f80000 - 0x00007ffab6018000 	C:\WINDOWS\system32\uxtheme.dll

VM Arguments:
jvm_args: -Xmx1536m -Dfile.encoding=GBK -Duser.country=CN -Duser.language=zh -Duser.variant 
java_command: org.gradle.launcher.daemon.bootstrap.GradleDaemon 4.6
java_class_path (initial): C:\Users\DELL\.gradle\wrapper\dists\gradle-4.6-all\bcst21l2brirad8k2ben1letg\gradle-4.6\lib\gradle-launcher-4.6.jar
Launcher Type: SUN_STANDARD

Environment Variables:
JAVA_HOME=D:\Java\jdk1.7.0_71
PATH=D:\Java\jdk1.7.0_71\bin;C:\Program Files (x86)\Intel\iCLS Client\;C:\Program Files\Intel\iCLS Client\;C:\WINDOWS\system32;C:\WINDOWS;C:\WINDOWS\System32\Wbem;C:\WINDOWS\System32\WindowsPowerShell\v1.0\;C:\Program Files (x86)\Intel\Intel(R) Management Engine Components\DAL;C:\Program Files\Intel\Intel(R) Management Engine Components\DAL;C:\Program Files (x86)\Intel\Intel(R) Management Engine Components\IPT;C:\Program Files\Intel\Intel(R) Management Engine Components\IPT;C:\Program Files (x86)\MySQL\MySQL Server 5.0\bin;C:\WINDOWS\System32\OpenSSH\;C:\Program Files\Intel\WiFi\bin\;C:\Program Files\Common Files\Intel\WirelessCommon\;D:\Git\cmd;G:\adt-bundle-windows-x86_64_20140101\sdk\platform-tools;C:\Users\DELL\AppData\Local\Microsoft\WindowsApps;
USERNAME=DELL
OS=Windows_NT
PROCESSOR_IDENTIFIER=Intel64 Family 6 Model 142 Stepping 9, GenuineIntel



---------------  S Y S T E M  ---------------

OS: Windows 10.0 , 64 bit Build 17134 (10.0.17134.556)

CPU:total 4 (initial active 4) (2 cores per cpu, 2 threads per core) family 6 model 142 stepping 9, cmov, cx8, fxsr, mmx, sse, sse2, sse3, ssse3, sse4.1, sse4.2, popcnt, avx, avx2, aes, clmul, erms, 3dnowpref, lzcnt, ht, tsc, tscinvbit, bmi1, bmi2, adx

Memory: 4k page, physical 8284904k(380656k free), swap 21084900k(5668k free)

vm_info: OpenJDK 64-Bit Server VM (25.152-b06) for windows-amd64 JRE (1.8.0_152-release-1136-b06), built by "builder" with MS VC++ 10.0 (VS2010)

time: Mon Feb 25 19:56:40 2019
elapsed time: 13240 seconds (0d 3h 40m 40s)

